<?xml version="1.0" encoding="UTF-8"?>
<!-- Generated by org.testng.reporters.JUnitReportReporter -->
<testsuite hostname="DESKTOP-U6EDKU0" failures="0" tests="1" name="testCases.AccountRegistrationTest" time="5.774" errors="0" timestamp="2023-09-06T00:36:50 GMT-07:00" skipped="0">
  <testcase classname="testCases.AccountRegistrationTest" name="Test_accountRegistration" time="5.774"/>
</testsuite> <!-- testCases.AccountRegistrationTest -->
